<?xml version="1.0" encoding="utf-8"?><testsuites name="pytest tests"><testsuite name="pytest" errors="0" failures="0" skipped="1" tests="23" time="6.157" timestamp="2026-04-19T16:54:59.648119+00:00" hostname="agent-env-b09b187e-73e8-466d-8c86-6fb889537ca4"><testcase classname="backend.tests.test_vip_video_platform.TestVIPClientCRUD" name="test_get_vip_clients_list" time="0.627" /><testcase classname="backend.tests.test_vip_video_platform.TestVIPClientCRUD" name="test_create_vip_client" time="0.333" /><testcase classname="backend.tests.test_vip_video_platform.TestVIPClientCRUD" name="test_create_duplicate_email_fails" time="0.159" /><testcase classname="backend.tests.test_vip_video_platform.TestVIPClientCRUD" name="test_update_vip_client" time="0.170" /><testcase classname="backend.tests.test_vip_video_platform.TestVIPClientCRUD" name="test_update_nonexistent_client_fails" time="0.147" /><testcase classname="backend.tests.test_vip_video_platform.TestVIPClientCRUD" name="test_delete_vip_client" time="0.227" /><testcase classname="backend.tests.test_vip_video_platform.TestVIPClientAuth" name="test_vip_login_success" time="0.356" /><testcase classname="backend.tests.test_vip_video_platform.TestVIPClientAuth" name="test_vip_login_wrong_password" time="0.324" /><testcase classname="backend.tests.test_vip_video_platform.TestVIPClientAuth" name="test_vip_login_nonexistent_email" time="0.114" /><testcase classname="backend.tests.test_vip_video_platform.TestVIPVideos" name="test_get_all_videos_admin" time="0.114" /><testcase classname="backend.tests.test_vip_video_platform.TestVIPVideos" name="test_get_my_videos_vip_client" time="0.449" /><testcase classname="backend.tests.test_vip_video_platform.TestVIPVideos" name="test_get_my_videos_without_auth" time="0.105" /><testcase classname="backend.tests.test_vip_video_platform.TestVIPVideos" name="test_upload_chunk_endpoint_exists" time="0.148" /><testcase classname="backend.tests.test_vip_video_platform.TestDeploymentPDFEmail" name="test_get_deployments_list" time="0.114" /><testcase classname="backend.tests.test_vip_video_platform.TestDeploymentPDFEmail" name="test_create_deployment_for_pdf_test" time="0.000"><skipped type="pytest.skip" message="Deployment already exists">/app/backend/tests/test_vip_video_platform.py:257: Deployment already exists</skipped></testcase><testcase classname="backend.tests.test_vip_video_platform.TestDeploymentPDFEmail" name="test_send_pdf_endpoint_exists" time="1.829" /><testcase classname="backend.tests.test_vip_video_platform.TestDeploymentPDFEmail" name="test_send_pdf_nonexistent_deployment" time="0.191" /><testcase classname="backend.tests.test_vip_video_platform.TestDeploymentPDFEmail" name="test_get_deployment_pdf" time="0.124" /><testcase classname="backend.tests.test_vip_video_platform.TestVideoStreaming" name="test_stream_nonexistent_video" time="0.109" /><testcase classname="backend.tests.test_vip_video_platform.TestVideoStreaming" name="test_thumbnail_nonexistent" time="0.108" /><testcase classname="backend.tests.test_vip_video_platform.TestAuthRequired" name="test_vip_clients_requires_auth" time="0.102" /><testcase classname="backend.tests.test_vip_video_platform.TestAuthRequired" name="test_vip_videos_requires_auth" time="0.114" /><testcase classname="backend.tests.test_vip_video_platform.TestAuthRequired" name="test_upload_chunk_requires_auth" time="0.121" /></testsuite></testsuites>