<?xml version="1.0" encoding="utf-8"?><testsuites name="pytest tests"><testsuite name="pytest" errors="19" failures="0" skipped="0" tests="21" time="0.654" timestamp="2026-02-21T15:37:33.978300+00:00" hostname="agent-env-a4b72adb-0e80-48bc-807d-ebc254a5b452"><testcase classname="backend.tests.test_task_management.TestTeamUserManagement" name="test_create_team_user_with_role_admin" time="0.223"><error message="failed on setup with &quot;Failed: Admin authentication failed: {&quot;detail&quot;:&quot;Not Found&quot;}&quot;">backend/tests/test_task_management.py:37: in admin_token
    pytest.fail(f"Admin authentication failed: {response.text}")
E   Failed: Admin authentication failed: {"detail":"Not Found"}</error></testcase><testcase classname="backend.tests.test_task_management.TestTeamUserManagement" name="test_create_team_user_with_role_editor" time="0.000"><error message="failed on setup with &quot;Failed: Admin authentication failed: {&quot;detail&quot;:&quot;Not Found&quot;}&quot;">backend/tests/test_task_management.py:37: in admin_token
    pytest.fail(f"Admin authentication failed: {response.text}")
E   Failed: Admin authentication failed: {"detail":"Not Found"}</error></testcase><testcase classname="backend.tests.test_task_management.TestTeamUserManagement" name="test_create_team_user_with_role_reader" time="0.000"><error message="failed on setup with &quot;Failed: Admin authentication failed: {&quot;detail&quot;:&quot;Not Found&quot;}&quot;">backend/tests/test_task_management.py:37: in admin_token
    pytest.fail(f"Admin authentication failed: {response.text}")
E   Failed: Admin authentication failed: {"detail":"Not Found"}</error></testcase><testcase classname="backend.tests.test_task_management.TestTeamUserManagement" name="test_get_team_users_list" time="0.000"><error message="failed on setup with &quot;Failed: Admin authentication failed: {&quot;detail&quot;:&quot;Not Found&quot;}&quot;">backend/tests/test_task_management.py:37: in admin_token
    pytest.fail(f"Admin authentication failed: {response.text}")
E   Failed: Admin authentication failed: {"detail":"Not Found"}</error></testcase><testcase classname="backend.tests.test_task_management.TestTeamUserManagement" name="test_create_team_user_duplicate_email_fails" time="0.000"><error message="failed on setup with &quot;Failed: Admin authentication failed: {&quot;detail&quot;:&quot;Not Found&quot;}&quot;">backend/tests/test_task_management.py:37: in admin_token
    pytest.fail(f"Admin authentication failed: {response.text}")
E   Failed: Admin authentication failed: {"detail":"Not Found"}</error></testcase><testcase classname="backend.tests.test_task_management.TestTaskManagement" name="test_create_task_basic" time="0.000"><error message="failed on setup with &quot;Failed: Admin authentication failed: {&quot;detail&quot;:&quot;Not Found&quot;}&quot;">backend/tests/test_task_management.py:37: in admin_token
    pytest.fail(f"Admin authentication failed: {response.text}")
E   Failed: Admin authentication failed: {"detail":"Not Found"}</error></testcase><testcase classname="backend.tests.test_task_management.TestTaskManagement" name="test_create_task_with_assignment" time="0.000"><error message="failed on setup with &quot;Failed: Admin authentication failed: {&quot;detail&quot;:&quot;Not Found&quot;}&quot;">backend/tests/test_task_management.py:37: in admin_token
    pytest.fail(f"Admin authentication failed: {response.text}")
E   Failed: Admin authentication failed: {"detail":"Not Found"}</error></testcase><testcase classname="backend.tests.test_task_management.TestTaskManagement" name="test_create_task_with_client_link" time="0.000"><error message="failed on setup with &quot;Failed: Admin authentication failed: {&quot;detail&quot;:&quot;Not Found&quot;}&quot;">backend/tests/test_task_management.py:37: in admin_token
    pytest.fail(f"Admin authentication failed: {response.text}")
E   Failed: Admin authentication failed: {"detail":"Not Found"}</error></testcase><testcase classname="backend.tests.test_task_management.TestTaskManagement" name="test_create_task_with_email_reminders" time="0.000"><error message="failed on setup with &quot;Failed: Admin authentication failed: {&quot;detail&quot;:&quot;Not Found&quot;}&quot;">backend/tests/test_task_management.py:37: in admin_token
    pytest.fail(f"Admin authentication failed: {response.text}")
E   Failed: Admin authentication failed: {"detail":"Not Found"}</error></testcase><testcase classname="backend.tests.test_task_management.TestTaskManagement" name="test_create_task_with_client_visibility" time="0.000"><error message="failed on setup with &quot;Failed: Admin authentication failed: {&quot;detail&quot;:&quot;Not Found&quot;}&quot;">backend/tests/test_task_management.py:37: in admin_token
    pytest.fail(f"Admin authentication failed: {response.text}")
E   Failed: Admin authentication failed: {"detail":"Not Found"}</error></testcase><testcase classname="backend.tests.test_task_management.TestTaskManagement" name="test_get_tasks_list" time="0.000"><error message="failed on setup with &quot;Failed: Admin authentication failed: {&quot;detail&quot;:&quot;Not Found&quot;}&quot;">backend/tests/test_task_management.py:37: in admin_token
    pytest.fail(f"Admin authentication failed: {response.text}")
E   Failed: Admin authentication failed: {"detail":"Not Found"}</error></testcase><testcase classname="backend.tests.test_task_management.TestTaskManagement" name="test_get_single_task" time="0.000"><error message="failed on setup with &quot;Failed: Admin authentication failed: {&quot;detail&quot;:&quot;Not Found&quot;}&quot;">backend/tests/test_task_management.py:37: in admin_token
    pytest.fail(f"Admin authentication failed: {response.text}")
E   Failed: Admin authentication failed: {"detail":"Not Found"}</error></testcase><testcase classname="backend.tests.test_task_management.TestTaskManagement" name="test_update_task" time="0.000"><error message="failed on setup with &quot;Failed: Admin authentication failed: {&quot;detail&quot;:&quot;Not Found&quot;}&quot;">backend/tests/test_task_management.py:37: in admin_token
    pytest.fail(f"Admin authentication failed: {response.text}")
E   Failed: Admin authentication failed: {"detail":"Not Found"}</error></testcase><testcase classname="backend.tests.test_task_management.TestTaskManagement" name="test_toggle_task_status" time="0.000"><error message="failed on setup with &quot;Failed: Admin authentication failed: {&quot;detail&quot;:&quot;Not Found&quot;}&quot;">backend/tests/test_task_management.py:37: in admin_token
    pytest.fail(f"Admin authentication failed: {response.text}")
E   Failed: Admin authentication failed: {"detail":"Not Found"}</error></testcase><testcase classname="backend.tests.test_task_management.TestTaskManagement" name="test_delete_task" time="0.000"><error message="failed on setup with &quot;Failed: Admin authentication failed: {&quot;detail&quot;:&quot;Not Found&quot;}&quot;">backend/tests/test_task_management.py:37: in admin_token
    pytest.fail(f"Admin authentication failed: {response.text}")
E   Failed: Admin authentication failed: {"detail":"Not Found"}</error></testcase><testcase classname="backend.tests.test_task_management.TestTaskStats" name="test_get_task_stats" time="0.000"><error message="failed on setup with &quot;Failed: Admin authentication failed: {&quot;detail&quot;:&quot;Not Found&quot;}&quot;">backend/tests/test_task_management.py:37: in admin_token
    pytest.fail(f"Admin authentication failed: {response.text}")
E   Failed: Admin authentication failed: {"detail":"Not Found"}</error></testcase><testcase classname="backend.tests.test_task_management.TestTeamUserLogin" name="test_team_user_login" time="0.000"><error message="failed on setup with &quot;Failed: Admin authentication failed: {&quot;detail&quot;:&quot;Not Found&quot;}&quot;">backend/tests/test_task_management.py:37: in admin_token
    pytest.fail(f"Admin authentication failed: {response.text}")
E   Failed: Admin authentication failed: {"detail":"Not Found"}</error></testcase><testcase classname="backend.tests.test_task_management.TestTeamUserLogin" name="test_team_user_login_invalid_credentials" time="0.063" /><testcase classname="backend.tests.test_task_management.TestClientProjectStatus" name="test_client_project_status_requires_auth" time="0.051" /><testcase classname="backend.tests.test_task_management.TestCleanup" name="test_cleanup_test_team_users" time="0.000"><error message="failed on setup with &quot;Failed: Admin authentication failed: {&quot;detail&quot;:&quot;Not Found&quot;}&quot;">backend/tests/test_task_management.py:37: in admin_token
    pytest.fail(f"Admin authentication failed: {response.text}")
E   Failed: Admin authentication failed: {"detail":"Not Found"}</error></testcase><testcase classname="backend.tests.test_task_management.TestCleanup" name="test_cleanup_test_tasks" time="0.000"><error message="failed on setup with &quot;Failed: Admin authentication failed: {&quot;detail&quot;:&quot;Not Found&quot;}&quot;">backend/tests/test_task_management.py:37: in admin_token
    pytest.fail(f"Admin authentication failed: {response.text}")
E   Failed: Admin authentication failed: {"detail":"Not Found"}</error></testcase></testsuite></testsuites>