<?xml version="1.0" encoding="utf-8"?><testsuites name="pytest tests"><testsuite name="pytest" errors="0" failures="0" skipped="0" tests="23" time="4.185" timestamp="2026-02-19T15:32:59.474140+00:00" hostname="agent-env-7669baa5-f924-4f3c-8eec-c353a0c50891"><testcase classname="backend.tests.test_chat_pdf_zip.TestChatPDFZipFeatures" name="test_chat_upload_image" time="1.276" /><testcase classname="backend.tests.test_chat_pdf_zip.TestChatPDFZipFeatures" name="test_chat_upload_document" time="0.128" /><testcase classname="backend.tests.test_chat_pdf_zip.TestChatPDFZipFeatures" name="test_chat_upload_size_limit" time="0.123" /><testcase classname="backend.tests.test_chat_pdf_zip.TestChatPDFZipFeatures" name="test_chat_conversations_admin" time="0.119" /><testcase classname="backend.tests.test_chat_pdf_zip.TestChatPDFZipFeatures" name="test_chat_messages_by_client_admin" time="0.126" /><testcase classname="backend.tests.test_chat_pdf_zip.TestChatPDFZipFeatures" name="test_chat_my_messages_client" time="0.148" /><testcase classname="backend.tests.test_chat_pdf_zip.TestChatPDFZipFeatures" name="test_chat_unread_count_admin" time="0.109" /><testcase classname="backend.tests.test_chat_pdf_zip.TestChatPDFZipFeatures" name="test_chat_client_unread_count" time="0.121" /><testcase classname="backend.tests.test_chat_pdf_zip.TestChatPDFZipFeatures" name="test_devis_pdf_download_no_devis" time="0.120" /><testcase classname="backend.tests.test_chat_pdf_zip.TestChatPDFZipFeatures" name="test_invoice_pdf_download_no_invoice" time="0.175" /><testcase classname="backend.tests.test_chat_pdf_zip.TestChatPDFZipFeatures" name="test_devis_pdf_download_unauthorized" time="0.251" /><testcase classname="backend.tests.test_chat_pdf_zip.TestChatPDFZipFeatures" name="test_invoice_pdf_download_unauthorized" time="0.216" /><testcase classname="backend.tests.test_chat_pdf_zip.TestChatPDFZipFeatures" name="test_client_files_zip_download_no_files" time="0.127" /><testcase classname="backend.tests.test_chat_pdf_zip.TestChatPDFZipFeatures" name="test_client_files_zip_invalid_client" time="0.168" /><testcase classname="backend.tests.test_chat_pdf_zip.TestChatPDFZipFeatures" name="test_client_files_zip_unauthorized" time="0.130" /><testcase classname="backend.tests.test_chat_pdf_zip.TestChatPDFZipFeatures" name="test_client_files_zip_client_cannot_access" time="0.145" /><testcase classname="backend.tests.test_chat_pdf_zip.TestChatPDFZipFeatures" name="test_client_transfers_list" time="0.129" /><testcase classname="backend.tests.test_chat_pdf_zip.TestChatPDFZipFeatures" name="test_client_transfer_upload_music" time="0.130" /><testcase classname="backend.tests.test_chat_pdf_zip.TestChatPDFZipFeatures" name="test_client_transfer_upload_documents" time="0.141" /><testcase classname="backend.tests.test_chat_pdf_zip.TestChatPDFZipFeatures" name="test_client_transfer_upload_photos" time="0.119" /><testcase classname="backend.tests.test_chat_pdf_zip.TestChatPDFZipFeatures" name="test_client_transfer_upload_videos" time="0.125" /><testcase classname="backend.tests.test_chat_pdf_zip.TestWebSocketEndpoints" name="test_ws_chat_client_endpoint_exists" time="0.000" /><testcase classname="backend.tests.test_chat_pdf_zip.TestWebSocketEndpoints" name="test_ws_chat_admin_endpoint_exists" time="0.000" /></testsuite></testsuites>