<?xml version="1.0" encoding="utf-8"?><testsuites name="pytest tests"><testsuite name="pytest" errors="0" failures="0" skipped="0" tests="12" time="2.593" timestamp="2026-02-27T00:15:32.742510+00:00" hostname="agent-env-a5e3059c-60ea-437a-8745-fb7fd244a7e0"><testcase classname="tests.test_guestbook_montage.TestClientLogin" name="test_client_login_success" time="0.467" /><testcase classname="tests.test_guestbook_montage.TestClientLogin" name="test_client_login_invalid_credentials" time="0.145" /><testcase classname="tests.test_guestbook_montage.TestClientGuestbooks" name="test_get_client_guestbooks" time="0.481" /><testcase classname="tests.test_guestbook_montage.TestClientGuestbooks" name="test_get_client_guestbooks_unauthorized" time="0.156" /><testcase classname="tests.test_guestbook_montage.TestGuestbookDetail" name="test_get_guestbook_detail" time="0.136" /><testcase classname="tests.test_guestbook_montage.TestGuestbookDetail" name="test_get_guestbook_not_found" time="0.135" /><testcase classname="tests.test_guestbook_montage.TestGuestbookMontages" name="test_get_montages_list" time="0.172" /><testcase classname="tests.test_guestbook_montage.TestGuestbookMontages" name="test_get_montages_unauthorized" time="0.209" /><testcase classname="tests.test_guestbook_montage.TestGuestbookMontages" name="test_get_montages_not_found" time="0.178" /><testcase classname="tests.test_guestbook_montage.TestGenerateMontage" name="test_generate_montage_no_files" time="0.147" /><testcase classname="tests.test_guestbook_montage.TestGenerateMontage" name="test_generate_montage_unauthorized" time="0.174" /><testcase classname="tests.test_guestbook_montage.TestGenerateMontage" name="test_generate_montage_not_found" time="0.131" /></testsuite></testsuites>