<?xml version="1.0" encoding="utf-8"?><testsuites name="pytest tests"><testsuite name="pytest" errors="0" failures="0" skipped="0" tests="8" time="4.521" timestamp="2026-02-26T11:22:29.103720+00:00" hostname="agent-env-09736074-ba33-42e0-b1bd-3a1c37c024ac"><testcase classname="backend.tests.test_photofind_kiosk.TestPhotoFindKioskPublic" name="test_get_event_info" time="0.262" /><testcase classname="backend.tests.test_photofind_kiosk.TestPhotoFindKioskPublic" name="test_get_nonexistent_event" time="0.126" /><testcase classname="backend.tests.test_photofind_kiosk.TestPhotoFindKioskPurchase" name="test_create_kiosk_purchase_success" time="3.518" /><testcase classname="backend.tests.test_photofind_kiosk.TestPhotoFindKioskPurchase" name="test_create_kiosk_purchase_nonexistent_event" time="0.120" /><testcase classname="backend.tests.test_photofind_kiosk.TestPhotoFindKioskPurchase" name="test_create_kiosk_purchase_validation" time="0.105" /><testcase classname="backend.tests.test_photofind_kiosk.TestPhotoFindKioskPrintLog" name="test_log_print_success" time="0.111" /><testcase classname="backend.tests.test_photofind_kiosk.TestPhotoFindKioskPrintLog" name="test_log_print_validation" time="0.104" /><testcase classname="backend.tests.test_photofind_kiosk.TestPhotoFindKioskPhotoServing" name="test_serve_nonexistent_photo" time="0.105" /></testsuite></testsuites>