<?xml version="1.0" encoding="utf-8"?><testsuites name="pytest tests"><testsuite name="pytest" errors="0" failures="0" skipped="0" tests="16" time="6.322" timestamp="2026-03-22T19:57:58.470513+00:00" hostname="agent-env-b09b187e-73e8-466d-8c86-6fb889537ca4"><testcase classname="tests.test_equipment.TestEquipmentAuth" name="test_equipment_requires_auth" time="0.140" /><testcase classname="tests.test_equipment.TestEquipmentAuth" name="test_categories_requires_auth" time="0.111" /><testcase classname="tests.test_equipment.TestEquipmentAuth" name="test_stats_requires_auth" time="0.110" /><testcase classname="tests.test_equipment.TestEquipmentAuth" name="test_deployments_requires_auth" time="0.098" /><testcase classname="tests.test_equipment.TestEquipmentCategories" name="test_get_categories" time="0.458" /><testcase classname="tests.test_equipment.TestEquipmentStats" name="test_get_stats" time="0.449" /><testcase classname="tests.test_equipment.TestEquipmentCRUD" name="test_get_equipment_list" time="0.449" /><testcase classname="tests.test_equipment.TestEquipmentCRUD" name="test_create_equipment" time="0.324" /><testcase classname="tests.test_equipment.TestEquipmentCRUD" name="test_update_equipment" time="0.453" /><testcase classname="tests.test_equipment.TestEquipmentCRUD" name="test_equipment_search_filter" time="0.221" /><testcase classname="tests.test_equipment.TestDeployments" name="test_get_deployments_list" time="0.450" /><testcase classname="tests.test_equipment.TestDeployments" name="test_create_deployment" time="0.771" /><testcase classname="tests.test_equipment.TestDeployments" name="test_deployment_start" time="0.712" /><testcase classname="tests.test_equipment.TestDeploymentPDF" name="test_generate_pdf" time="0.918" /><testcase classname="tests.test_equipment.TestDeploymentPDF" name="test_pdf_not_found" time="0.109" /><testcase classname="tests.test_equipment.TestEquipmentReminders" name="test_get_reminders" time="0.459" /></testsuite></testsuites>