<?xml version="1.0" encoding="utf-8"?><testsuites name="pytest tests"><testsuite name="pytest" errors="0" failures="0" skipped="0" tests="6" time="0.509" timestamp="2026-02-03T07:29:25.724439+00:00" hostname="agent-env-437304ae-32ed-46c1-9b44-fb1de02c813c"><testcase classname="backend.tests.test_newsletter.TestNewsletterUnsubscribe" name="test_unsubscribe_valid_client" time="0.063" /><testcase classname="backend.tests.test_newsletter.TestNewsletterUnsubscribe" name="test_unsubscribe_already_unsubscribed" time="0.071" /><testcase classname="backend.tests.test_newsletter.TestNewsletterUnsubscribe" name="test_unsubscribe_invalid_client_id" time="0.036" /><testcase classname="backend.tests.test_newsletter.TestNewsletterResubscribe" name="test_resubscribe_valid_client" time="0.067" /><testcase classname="backend.tests.test_newsletter.TestNewsletterResubscribe" name="test_resubscribe_invalid_client_id" time="0.034" /><testcase classname="backend.tests.test_newsletter.TestNewsletterFullFlow" name="test_full_unsubscribe_resubscribe_flow" time="0.186" /></testsuite></testsuites>