<?xml version="1.0" encoding="utf-8"?><testsuites name="pytest tests"><testsuite name="pytest" errors="0" failures="0" skipped="0" tests="12" time="18.745" timestamp="2026-04-19T16:29:31.542268+00:00" hostname="agent-env-b09b187e-73e8-466d-8c86-6fb889537ca4"><testcase classname="backend.tests.test_equipment_trash_and_tickets.TestEquipmentTrash" name="test_01_soft_delete_equipment" time="0.954" /><testcase classname="backend.tests.test_equipment_trash_and_tickets.TestEquipmentTrash" name="test_02_get_equipment_trash" time="0.105" /><testcase classname="backend.tests.test_equipment_trash_and_tickets.TestEquipmentTrash" name="test_03_restore_equipment_from_trash" time="0.891" /><testcase classname="backend.tests.test_equipment_trash_and_tickets.TestEquipmentTrash" name="test_04_permanent_delete_from_trash" time="0.550" /><testcase classname="backend.tests.test_equipment_trash_and_tickets.TestEquipmentTrash" name="test_05_restore_nonexistent_item" time="0.111" /><testcase classname="backend.tests.test_equipment_trash_and_tickets.TestEnhancedTicketWorkflow" name="test_06_ticket_status_ordering" time="2.303" /><testcase classname="backend.tests.test_equipment_trash_and_tickets.TestEnhancedTicketWorkflow" name="test_07_ticket_status_delivering" time="2.270" /><testcase classname="backend.tests.test_equipment_trash_and_tickets.TestEnhancedTicketWorkflow" name="test_08_ticket_status_insurance" time="2.228" /><testcase classname="backend.tests.test_equipment_trash_and_tickets.TestEnhancedTicketWorkflow" name="test_09_ticket_status_replaced_sets_resolved_at" time="2.320" /><testcase classname="backend.tests.test_equipment_trash_and_tickets.TestEnhancedTicketWorkflow" name="test_10_ticket_status_reimbursed_sets_resolved_at" time="2.257" /><testcase classname="backend.tests.test_equipment_trash_and_tickets.TestEnhancedTicketWorkflow" name="test_11_ticket_status_obsolete_sets_resolved_at" time="2.211" /><testcase classname="backend.tests.test_equipment_trash_and_tickets.TestEnhancedTicketWorkflow" name="test_12_ticket_message_history" time="2.494" /></testsuite></testsuites>