<?xml version="1.0" encoding="utf-8"?><testsuites name="pytest tests"><testsuite name="pytest" errors="0" failures="0" skipped="0" tests="21" time="8.199" timestamp="2026-02-21T15:38:00.079079+00:00" hostname="agent-env-a4b72adb-0e80-48bc-807d-ebc254a5b452"><testcase classname="backend.tests.test_task_management.TestTeamUserManagement" name="test_create_team_user_with_role_admin" time="0.715" /><testcase classname="backend.tests.test_task_management.TestTeamUserManagement" name="test_create_team_user_with_role_editor" time="0.292" /><testcase classname="backend.tests.test_task_management.TestTeamUserManagement" name="test_create_team_user_with_role_reader" time="0.281" /><testcase classname="backend.tests.test_task_management.TestTeamUserManagement" name="test_get_team_users_list" time="0.056" /><testcase classname="backend.tests.test_task_management.TestTeamUserManagement" name="test_create_team_user_duplicate_email_fails" time="0.135" /><testcase classname="backend.tests.test_task_management.TestTaskManagement" name="test_create_task_basic" time="0.510" /><testcase classname="backend.tests.test_task_management.TestTaskManagement" name="test_create_task_with_assignment" time="0.513" /><testcase classname="backend.tests.test_task_management.TestTaskManagement" name="test_create_task_with_client_link" time="0.567" /><testcase classname="backend.tests.test_task_management.TestTaskManagement" name="test_create_task_with_email_reminders" time="0.480" /><testcase classname="backend.tests.test_task_management.TestTaskManagement" name="test_create_task_with_client_visibility" time="0.542" /><testcase classname="backend.tests.test_task_management.TestTaskManagement" name="test_get_tasks_list" time="0.522" /><testcase classname="backend.tests.test_task_management.TestTaskManagement" name="test_get_single_task" time="0.569" /><testcase classname="backend.tests.test_task_management.TestTaskManagement" name="test_update_task" time="0.509" /><testcase classname="backend.tests.test_task_management.TestTaskManagement" name="test_toggle_task_status" time="0.630" /><testcase classname="backend.tests.test_task_management.TestTaskManagement" name="test_delete_task" time="0.510" /><testcase classname="backend.tests.test_task_management.TestTaskStats" name="test_get_task_stats" time="0.064" /><testcase classname="backend.tests.test_task_management.TestTeamUserLogin" name="test_team_user_login" time="0.726" /><testcase classname="backend.tests.test_task_management.TestTeamUserLogin" name="test_team_user_login_invalid_credentials" time="0.079" /><testcase classname="backend.tests.test_task_management.TestClientProjectStatus" name="test_client_project_status_requires_auth" time="0.057" /><testcase classname="backend.tests.test_task_management.TestCleanup" name="test_cleanup_test_team_users" time="0.266" /><testcase classname="backend.tests.test_task_management.TestCleanup" name="test_cleanup_test_tasks" time="0.071" /></testsuite></testsuites>