<?xml version="1.0" encoding="utf-8"?><testsuites name="pytest tests"><testsuite name="pytest" errors="0" failures="0" skipped="0" tests="11" time="2.220" timestamp="2026-02-02T19:27:56.913702+00:00" hostname="agent-env-1bf91e6b-77c8-4b62-b857-e6f2ff1e4fcf"><testcase classname="backend.tests.test_backup_feature.TestAdminAuth" name="test_admin_register" time="0.080" /><testcase classname="backend.tests.test_backup_feature.TestAdminAuth" name="test_admin_login_success" time="0.266" /><testcase classname="backend.tests.test_backup_feature.TestAdminAuth" name="test_admin_login_invalid_credentials" time="0.041" /><testcase classname="backend.tests.test_backup_feature.TestBackupFeature" name="test_backup_requires_auth" time="0.046" /><testcase classname="backend.tests.test_backup_feature.TestBackupFeature" name="test_backup_download_success" time="0.317" /><testcase classname="backend.tests.test_backup_feature.TestBackupFeature" name="test_backup_zip_structure" time="0.315" /><testcase classname="backend.tests.test_backup_feature.TestBackupFeature" name="test_backup_readme_content" time="0.318" /><testcase classname="backend.tests.test_backup_feature.TestBackupFeature" name="test_backup_database_json_valid" time="0.327" /><testcase classname="backend.tests.test_backup_feature.TestBackupFeature" name="test_backup_uploads_included" time="0.336" /><testcase classname="backend.tests.test_backup_feature.TestBackupSecurity" name="test_backup_with_invalid_token" time="0.043" /><testcase classname="backend.tests.test_backup_feature.TestBackupSecurity" name="test_backup_with_expired_token" time="0.079" /></testsuite></testsuites>