<?xml version="1.0" encoding="utf-8"?><testsuites name="pytest tests"><testsuite name="pytest" errors="0" failures="0" skipped="0" tests="7" time="3.807" timestamp="2026-02-26T19:18:39.343965+00:00" hostname="agent-env-29d4349a-f243-4e43-88bf-16847b7f3bec"><testcase classname="backend.tests.test_photofind_pricing.TestPhotoFindPricing" name="test_get_public_event_returns_pricing_with_formats" time="0.616" /><testcase classname="backend.tests.test_photofind_pricing.TestPhotoFindPricing" name="test_put_pricing_updates_format_prices" time="0.517" /><testcase classname="backend.tests.test_photofind_pricing.TestPhotoFindPricing" name="test_get_public_event_reflects_updated_pricing" time="0.687" /><testcase classname="backend.tests.test_photofind_pricing.TestPhotoFindPricing" name="test_put_pricing_requires_authentication" time="0.510" /><testcase classname="backend.tests.test_photofind_pricing.TestPhotoFindPricing" name="test_put_pricing_non_existent_event" time="0.510" /><testcase classname="backend.tests.test_photofind_pricing.TestPhotoFindPricing" name="test_pricing_structure_with_all_formats" time="0.449" /><testcase classname="backend.tests.test_photofind_pricing.TestPhotoFindPricing" name="test_restore_original_pricing" time="0.467" /></testsuite></testsuites>