<?xml version="1.0" encoding="utf-8"?><testsuites name="pytest tests"><testsuite name="pytest" errors="0" failures="0" skipped="0" tests="8" time="10.567" timestamp="2026-04-16T23:12:16.103380+00:00" hostname="agent-env-b09b187e-73e8-466d-8c86-6fb889537ca4"><testcase classname="backend.tests.test_loss_tickets.TestLossTicketsAuth" name="test_loss_tickets_requires_auth" time="0.136" /><testcase classname="backend.tests.test_loss_tickets.TestLossTicketsCRUD" name="test_get_loss_tickets" time="0.461" /><testcase classname="backend.tests.test_loss_tickets.TestLossTicketsCRUD" name="test_create_loss_ticket" time="2.552" /><testcase classname="backend.tests.test_loss_tickets.TestLossTicketsCRUD" name="test_update_loss_ticket" time="2.609" /><testcase classname="backend.tests.test_loss_tickets.TestLossTicketsCRUD" name="test_delete_loss_ticket" time="2.522" /><testcase classname="backend.tests.test_loss_tickets.TestLossTicketsCRUD" name="test_ticket_status_filter" time="0.108" /><testcase classname="backend.tests.test_loss_tickets.TestDeploymentDelete" name="test_delete_deployment_success" time="1.032" /><testcase classname="backend.tests.test_loss_tickets.TestReturnWithLossTicket" name="test_return_with_lost_item" time="1.095" /></testsuite></testsuites>