<?xml version="1.0" encoding="utf-8"?><testsuites name="pytest tests"><testsuite name="pytest" errors="0" failures="0" skipped="0" tests="9" time="8.848" timestamp="2026-03-03T14:18:07.248808+00:00" hostname="agent-env-284dad04-7fe4-4bb4-8b05-c2a4fdc97783"><testcase classname="backend.tests.test_appointments_and_kiosk.TestPhotoFindKiosk" name="test_kiosk_event_loads" time="0.201" /><testcase classname="backend.tests.test_appointments_and_kiosk.TestPhotoFindKiosk" name="test_kiosk_event_has_pricing" time="0.117" /><testcase classname="backend.tests.test_appointments_and_kiosk.TestPhotoFindKiosk" name="test_kiosk_event_is_active" time="0.118" /><testcase classname="backend.tests.test_appointments_and_kiosk.TestAppointmentManagement" name="test_list_appointments" time="0.443" /><testcase classname="backend.tests.test_appointments_and_kiosk.TestAppointmentManagement" name="test_create_and_delete_appointment" time="3.741" /><testcase classname="backend.tests.test_appointments_and_kiosk.TestAppointmentManagement" name="test_cancel_appointment" time="3.799" /><testcase classname="backend.tests.test_appointments_and_kiosk.TestAppointmentManagement" name="test_confirmed_appointment_exists" time="0.109" /><testcase classname="backend.tests.test_appointments_and_kiosk.TestDeleteEndpoint" name="test_delete_nonexistent_appointment" time="0.136" /><testcase classname="backend.tests.test_appointments_and_kiosk.TestDeleteEndpoint" name="test_delete_without_auth_fails" time="0.110" /></testsuite></testsuites>