<?xml version="1.0" encoding="utf-8"?><testsuites name="pytest tests"><testsuite name="pytest" errors="0" failures="0" skipped="1" tests="19" time="7.251" timestamp="2026-03-09T15:29:51.227057+00:00" hostname="agent-env-fed23f6e-f0ec-4596-bf0c-5551636143f0"><testcase classname="backend.tests.test_photofind_kiosk.TestPhotoFindKioskPublic" name="test_get_event_info" time="0.155" /><testcase classname="backend.tests.test_photofind_kiosk.TestPhotoFindKioskPublic" name="test_get_nonexistent_event" time="0.136" /><testcase classname="backend.tests.test_photofind_kiosk.TestPhotoFindKioskPurchase" name="test_create_kiosk_purchase_success" time="1.803" /><testcase classname="backend.tests.test_photofind_kiosk.TestPhotoFindKioskPurchase" name="test_create_kiosk_purchase_nonexistent_event" time="0.105" /><testcase classname="backend.tests.test_photofind_kiosk.TestPhotoFindKioskPurchase" name="test_create_kiosk_purchase_validation" time="0.137" /><testcase classname="backend.tests.test_photofind_kiosk.TestPhotoFindKioskPrintLog" name="test_log_print_success" time="0.109" /><testcase classname="backend.tests.test_photofind_kiosk.TestPhotoFindKioskPrintLog" name="test_log_print_validation" time="0.122" /><testcase classname="backend.tests.test_photofind_kiosk.TestPhotoFindKioskPhotoServing" name="test_serve_nonexistent_photo" time="0.115" /><testcase classname="backend.tests.test_payment_flows.TestStripeConfig" name="test_get_stripe_config_returns_public_key" time="0.100" /><testcase classname="backend.tests.test_payment_flows.TestStripePayment" name="test_create_stripe_payment_success" time="0.474" /><testcase classname="backend.tests.test_payment_flows.TestStripePayment" name="test_create_stripe_payment_nonexistent_event" time="0.101" /><testcase classname="backend.tests.test_payment_flows.TestStripePayment" name="test_confirm_stripe_payment_missing_payment_intent_id" time="0.113" /><testcase classname="backend.tests.test_payment_flows.TestStripePayment" name="test_confirm_stripe_payment_invalid_payment_intent" time="0.258" /><testcase classname="backend.tests.test_payment_flows.TestPayPalPayment" name="test_create_paypal_order_success" time="0.111"><skipped type="pytest.skip" message="PayPal not configured in test environment">/app/backend/tests/test_payment_flows.py:161: PayPal not configured in test environment</skipped></testcase><testcase classname="backend.tests.test_payment_flows.TestPayPalPayment" name="test_create_paypal_order_nonexistent_event" time="0.107" /><testcase classname="backend.tests.test_payment_flows.TestPayPalPayment" name="test_capture_paypal_order_missing_order_id" time="0.116" /><testcase classname="backend.tests.test_payment_flows.TestEmailValidation" name="test_kiosk_purchase_with_invalid_email_format" time="0.743" /><testcase classname="backend.tests.test_payment_flows.TestEmailValidation" name="test_kiosk_purchase_with_valid_email_succeeds" time="1.684" /><testcase classname="backend.tests.test_payment_flows.TestStripeConfirmationResponse" name="test_confirm_response_has_success_field" time="0.693" /></testsuite></testsuites>