<?xml version="1.0" encoding="utf-8"?><testsuites name="pytest tests"><testsuite name="pytest" errors="0" failures="0" skipped="0" tests="16" time="16.662" timestamp="2026-02-22T23:06:56.571006+00:00" hostname="agent-env-29e2c4f5-4c5f-4fc0-a9f4-dc1fef379631"><testcase classname="tests.test_testimonials_and_popup.TestTestimonialSubmission" name="test_submit_testimonial_success" time="2.390" /><testcase classname="tests.test_testimonials_and_popup.TestTestimonialSubmission" name="test_submit_testimonial_minimal_fields" time="1.872" /><testcase classname="tests.test_testimonials_and_popup.TestTestimonialSubmission" name="test_submit_testimonial_invalid_rating" time="0.143" /><testcase classname="tests.test_testimonials_and_popup.TestPublicTestimonialsEndpoint" name="test_get_approved_testimonials" time="0.133" /><testcase classname="tests.test_testimonials_and_popup.TestPublicTestimonialsEndpoint" name="test_get_featured_testimonials" time="0.117" /><testcase classname="tests.test_testimonials_and_popup.TestAdminTestimonialsManagement" name="test_get_all_testimonials_admin" time="0.140" /><testcase classname="tests.test_testimonials_and_popup.TestAdminTestimonialsManagement" name="test_approve_testimonial" time="2.372" /><testcase classname="tests.test_testimonials_and_popup.TestAdminTestimonialsManagement" name="test_reject_testimonial" time="2.344" /><testcase classname="tests.test_testimonials_and_popup.TestAdminTestimonialsManagement" name="test_toggle_featured" time="2.391" /><testcase classname="tests.test_testimonials_and_popup.TestAdminTestimonialsManagement" name="test_delete_testimonial" time="2.320" /><testcase classname="tests.test_testimonials_and_popup.TestAdminTestimonialsManagement" name="test_unauthorized_access" time="0.205" /><testcase classname="tests.test_testimonials_and_popup.TestWelcomePopupPublic" name="test_get_welcome_popup_config" time="0.128" /><testcase classname="tests.test_testimonials_and_popup.TestWelcomePopupAdmin" name="test_update_popup_title" time="0.581" /><testcase classname="tests.test_testimonials_and_popup.TestWelcomePopupAdmin" name="test_update_popup_enabled_status" time="0.578" /><testcase classname="tests.test_testimonials_and_popup.TestWelcomePopupAdmin" name="test_update_popup_button_settings" time="0.252" /><testcase classname="tests.test_testimonials_and_popup.TestWelcomePopupAdmin" name="test_update_popup_unauthorized" time="0.507" /></testsuite></testsuites>