<?xml version="1.0" encoding="utf-8"?><testsuites name="pytest tests"><testsuite name="pytest" errors="0" failures="0" skipped="0" tests="11" time="21.311" timestamp="2026-02-22T16:47:08.580409+00:00" hostname="agent-env-06d8dc95-d208-4b1a-bbef-4d8d72d72fdc"><testcase classname="backend.tests.test_client_email_notifications.TestEmailNotificationOnUpdateTask" name="test_update_task_to_completed_with_client_visible_sends_email" time="2.701" /><testcase classname="backend.tests.test_client_email_notifications.TestEmailNotificationOnUpdateTask" name="test_update_task_to_in_progress_with_client_visible_sends_email" time="2.071" /><testcase classname="backend.tests.test_client_email_notifications.TestEmailNotificationOnUpdateTask" name="test_update_task_completed_without_client_visible_no_email" time="0.181" /><testcase classname="backend.tests.test_client_email_notifications.TestEmailNotificationOnUpdateTask" name="test_update_task_completed_without_client_id_no_email" time="0.179" /><testcase classname="backend.tests.test_client_email_notifications.TestEmailNotificationOnToggleStatus" name="test_toggle_to_completed_with_client_visible_sends_email" time="1.933" /><testcase classname="backend.tests.test_client_email_notifications.TestEmailNotificationOnToggleStatus" name="test_toggle_back_to_pending_no_email" time="2.023" /><testcase classname="backend.tests.test_client_email_notifications.TestProgressCalculation" name="test_progress_calculation_with_multiple_tasks" time="6.113" /><testcase classname="backend.tests.test_client_email_notifications.TestEmailContentStructure" name="test_task_with_client_status_label_used_in_email" time="1.899" /><testcase classname="backend.tests.test_client_email_notifications.TestEdgeCases" name="test_client_without_email_no_crash" time="1.994" /><testcase classname="backend.tests.test_client_email_notifications.TestEdgeCases" name="test_already_completed_task_no_duplicate_email" time="1.978" /><testcase classname="backend.tests.test_client_email_notifications.TestCleanup" name="test_cleanup_test_tasks" time="0.056" /></testsuite></testsuites>