<?xml version="1.0" encoding="utf-8"?><testsuites name="pytest tests"><testsuite name="pytest" errors="0" failures="0" skipped="0" tests="17" time="2.639" timestamp="2026-01-31T13:13:14.841813+00:00" hostname="agent-env-8dfb1d99-36e5-4784-b85f-c76108d77edc"><testcase classname="backend.tests.test_admin_content_portfolio.TestAdminAuth" name="test_admin_registration" time="0.333" /><testcase classname="backend.tests.test_admin_content_portfolio.TestAdminAuth" name="test_admin_login" time="0.533" /><testcase classname="backend.tests.test_admin_content_portfolio.TestAdminAuth" name="test_admin_login_invalid_credentials" time="0.041" /><testcase classname="backend.tests.test_admin_content_portfolio.TestAdminAuth" name="test_admin_me_endpoint" time="0.042" /><testcase classname="backend.tests.test_admin_content_portfolio.TestSiteContent" name="test_get_site_content" time="0.041" /><testcase classname="backend.tests.test_admin_content_portfolio.TestSiteContent" name="test_update_site_content" time="0.498" /><testcase classname="backend.tests.test_admin_content_portfolio.TestSiteContent" name="test_update_content_unauthorized" time="0.041" /><testcase classname="backend.tests.test_admin_content_portfolio.TestSiteContent" name="test_update_multiple_content_fields" time="0.039" /><testcase classname="backend.tests.test_admin_content_portfolio.TestPortfolioAdmin" name="test_get_admin_portfolio" time="0.342" /><testcase classname="backend.tests.test_admin_content_portfolio.TestPortfolioAdmin" name="test_create_portfolio_item" time="0.046" /><testcase classname="backend.tests.test_admin_content_portfolio.TestPortfolioAdmin" name="test_create_video_portfolio_item" time="0.038" /><testcase classname="backend.tests.test_admin_content_portfolio.TestPortfolioAdmin" name="test_update_portfolio_item" time="0.122" /><testcase classname="backend.tests.test_admin_content_portfolio.TestPortfolioAdmin" name="test_delete_portfolio_item" time="0.158" /><testcase classname="backend.tests.test_admin_content_portfolio.TestPortfolioAdmin" name="test_portfolio_unauthorized" time="0.065" /><testcase classname="backend.tests.test_admin_content_portfolio.TestPublicPortfolio" name="test_get_public_portfolio" time="0.035" /><testcase classname="backend.tests.test_admin_content_portfolio.TestPublicPortfolio" name="test_filter_portfolio_by_category" time="0.039" /><testcase classname="backend.tests.test_admin_content_portfolio.TestPublicPortfolio" name="test_filter_portfolio_by_media_type" time="0.036" /></testsuite></testsuites>