<?xml version="1.0" encoding="utf-8"?><testsuites name="pytest tests"><testsuite name="pytest" errors="0" failures="0" skipped="0" tests="15" time="3.609" timestamp="2026-03-10T22:29:19.266081+00:00" hostname="agent-env-fed23f6e-f0ec-4596-bf0c-5551636143f0"><testcase classname="backend.tests.test_photofind_mobile.TestPhotoFindMobilePublicEndpoints" name="test_get_public_event_info" time="0.150" /><testcase classname="backend.tests.test_photofind_mobile.TestPhotoFindMobilePublicEndpoints" name="test_get_public_event_nonexistent" time="0.112" /><testcase classname="backend.tests.test_photofind_mobile.TestPhotoFindMobilePublicEndpoints" name="test_search_photos_by_face_without_file" time="0.114" /><testcase classname="backend.tests.test_photofind_mobile.TestPhotoFindMobilePublicEndpoints" name="test_search_photos_by_face_with_dummy_image" time="0.744" /><testcase classname="backend.tests.test_photofind_mobile.TestCashCodeFlow" name="test_request_cash_code_success" time="0.132" /><testcase classname="backend.tests.test_photofind_mobile.TestCashCodeFlow" name="test_request_cash_code_nonexistent_event" time="0.131" /><testcase classname="backend.tests.test_photofind_mobile.TestCashCodeFlow" name="test_validate_cash_code_missing_params" time="0.133" /><testcase classname="backend.tests.test_photofind_mobile.TestCashCodeFlow" name="test_validate_cash_code_invalid_request_id" time="0.126" /><testcase classname="backend.tests.test_photofind_mobile.TestCashCodeFlow" name="test_full_cash_code_flow" time="0.291" /><testcase classname="backend.tests.test_photofind_mobile.TestRemotePrintOrder" name="test_create_remote_print_order_success" time="0.115" /><testcase classname="backend.tests.test_photofind_mobile.TestRemotePrintOrder" name="test_create_remote_print_order_minimal" time="0.116" /><testcase classname="backend.tests.test_photofind_mobile.TestRemotePrintOrder" name="test_create_remote_print_order_nonexistent_event" time="0.123" /><testcase classname="backend.tests.test_photofind_mobile.TestAdminRemoteOrders" name="test_get_remote_orders_without_auth" time="0.113" /><testcase classname="backend.tests.test_photofind_mobile.TestAdminRemoteOrders" name="test_get_remote_orders_with_auth" time="0.546" /><testcase classname="backend.tests.test_photofind_mobile.TestIntegrationFlow" name="test_create_order_and_verify_in_admin" time="0.583" /></testsuite></testsuites>