<?xml version="1.0" encoding="utf-8"?><testsuites name="pytest tests"><testsuite name="pytest" errors="0" failures="0" skipped="1" tests="16" time="5.567" timestamp="2026-03-01T11:48:35.608764+00:00" hostname="agent-env-579f791b-de58-4ec3-8df4-c380c8b3b423"><testcase classname="backend.tests.test_contracts.TestContractTemplates" name="test_get_contract_templates" time="0.517" /><testcase classname="backend.tests.test_contracts.TestContractTemplates" name="test_create_contract_template" time="0.054" /><testcase classname="backend.tests.test_contracts.TestContractTemplates" name="test_get_single_template" time="0.109" /><testcase classname="backend.tests.test_contracts.TestContractTemplates" name="test_update_template" time="0.110" /><testcase classname="backend.tests.test_contracts.TestContractTemplates" name="test_delete_template" time="0.148" /><testcase classname="backend.tests.test_contracts.TestContractSending" name="test_send_contract_to_client" time="1.911" /><testcase classname="backend.tests.test_contracts.TestContractSending" name="test_send_contract_invalid_template" time="0.057" /><testcase classname="backend.tests.test_contracts.TestContractSending" name="test_send_contract_invalid_client" time="0.100" /><testcase classname="backend.tests.test_contracts.TestContractClientOperations" name="test_get_client_contracts" time="0.050" /><testcase classname="backend.tests.test_contracts.TestContractClientOperations" name="test_get_single_contract" time="0.099" /><testcase classname="backend.tests.test_contracts.TestContractClientOperations" name="test_fill_contract" time="0.120" /><testcase classname="backend.tests.test_contracts.TestContractSignature" name="test_request_otp" time="1.864" /><testcase classname="backend.tests.test_contracts.TestContractSignature" name="test_sign_contract_invalid_otp" time="0.103" /><testcase classname="backend.tests.test_contracts.TestContractSignature" name="test_sign_already_signed_contract" time="0.048"><skipped type="pytest.skip" message="No signed contracts to test">/app/backend/tests/test_contracts.py:401: No signed contracts to test</skipped></testcase><testcase classname="backend.tests.test_contracts.TestAdminContractList" name="test_get_all_contracts_admin" time="0.051" /><testcase classname="backend.tests.test_contracts.TestCleanup" name="test_cleanup_test_templates" time="0.150" /></testsuite></testsuites>