<?xml version="1.0" encoding="utf-8"?><testsuites name="pytest tests"><testsuite name="pytest" errors="0" failures="1" skipped="0" tests="28" time="3.945" timestamp="2026-02-02T15:50:23.012348+00:00" hostname="agent-env-47e0b0f1-9522-40c2-aea2-b6f38c80c06f"><testcase classname="backend.tests.test_admin_content_portfolio.TestAdminAuth" name="test_admin_registration" time="0.296" /><testcase classname="backend.tests.test_admin_content_portfolio.TestAdminAuth" name="test_admin_login" time="0.525" /><testcase classname="backend.tests.test_admin_content_portfolio.TestAdminAuth" name="test_admin_login_invalid_credentials" time="0.037" /><testcase classname="backend.tests.test_admin_content_portfolio.TestAdminAuth" name="test_admin_me_endpoint" time="0.038" /><testcase classname="backend.tests.test_admin_content_portfolio.TestSiteContent" name="test_get_site_content" time="0.044"><failure message="AssertionError: Missing field: hero_subtitle&#10;assert 'hero_subtitle' in {'hero_title': &quot;Créons vos moments d'exception&quot;, 'id': 'main', 'podcast_title': 'Test Podcast Title', 'wedding_description': 'Test wedding description for testing', ...}">backend/tests/test_admin_content_portfolio.py:132: in test_get_site_content
    assert field in data, f"Missing field: {field}"
E   AssertionError: Missing field: hero_subtitle
E   assert 'hero_subtitle' in {'hero_title': "Créons vos moments d'exception", 'id': 'main', 'podcast_title': 'Test Podcast Title', 'wedding_description': 'Test wedding description for testing', ...}</failure></testcase><testcase classname="backend.tests.test_admin_content_portfolio.TestSiteContent" name="test_update_site_content" time="0.423" /><testcase classname="backend.tests.test_admin_content_portfolio.TestSiteContent" name="test_update_content_unauthorized" time="0.038" /><testcase classname="backend.tests.test_admin_content_portfolio.TestSiteContent" name="test_update_multiple_content_fields" time="0.037" /><testcase classname="backend.tests.test_admin_content_portfolio.TestPortfolioAdmin" name="test_get_admin_portfolio" time="0.345" /><testcase classname="backend.tests.test_admin_content_portfolio.TestPortfolioAdmin" name="test_create_portfolio_item" time="0.038" /><testcase classname="backend.tests.test_admin_content_portfolio.TestPortfolioAdmin" name="test_create_video_portfolio_item" time="0.038" /><testcase classname="backend.tests.test_admin_content_portfolio.TestPortfolioAdmin" name="test_update_portfolio_item" time="0.124" /><testcase classname="backend.tests.test_admin_content_portfolio.TestPortfolioAdmin" name="test_delete_portfolio_item" time="0.121" /><testcase classname="backend.tests.test_admin_content_portfolio.TestPortfolioAdmin" name="test_portfolio_unauthorized" time="0.073" /><testcase classname="backend.tests.test_admin_content_portfolio.TestPublicPortfolio" name="test_get_public_portfolio" time="0.041" /><testcase classname="backend.tests.test_admin_content_portfolio.TestPublicPortfolio" name="test_filter_portfolio_by_category" time="0.041" /><testcase classname="backend.tests.test_admin_content_portfolio.TestPublicPortfolio" name="test_filter_portfolio_by_media_type" time="0.041" /><testcase classname="backend.tests.test_portfolio_reorganization.TestPortfolioCategories" name="test_get_public_portfolio" time="0.037" /><testcase classname="backend.tests.test_portfolio_reorganization.TestPortfolioCategories" name="test_portfolio_has_required_fields" time="0.039" /><testcase classname="backend.tests.test_portfolio_reorganization.TestPortfolioCategories" name="test_filter_by_category_wedding" time="0.042" /><testcase classname="backend.tests.test_portfolio_reorganization.TestPortfolioCategories" name="test_filter_by_category_podcast" time="0.040" /><testcase classname="backend.tests.test_portfolio_reorganization.TestPortfolioCategories" name="test_filter_by_category_tv_set" time="0.040" /><testcase classname="backend.tests.test_portfolio_reorganization.TestPortfolioClientGrouping" name="test_create_portfolio_with_client_name" time="0.341" /><testcase classname="backend.tests.test_portfolio_reorganization.TestPortfolioClientGrouping" name="test_create_portfolio_without_client_name" time="0.080" /><testcase classname="backend.tests.test_portfolio_reorganization.TestPortfolioClientGrouping" name="test_update_portfolio_client_name" time="0.116" /><testcase classname="backend.tests.test_portfolio_reorganization.TestPortfolioClientGrouping" name="test_portfolio_items_grouped_by_client" time="0.187" /><testcase classname="backend.tests.test_portfolio_reorganization.TestPortfolioModel" name="test_portfolio_item_has_cover_photo_field" time="0.339" /><testcase classname="backend.tests.test_portfolio_reorganization.TestPortfolioModel" name="test_portfolio_categories_are_valid" time="0.293" /></testsuite></testsuites>